This is pdfTeX, Version 3.14159265-2.6-1.40.21 (MiKTeX 20.7) (preloaded format=pdflatex 2020.9.1)  16 SEP 2020 17:37
entering extended mode
**./CV_spanish.tex
(CV_spanish.tex
LaTeX2e <2020-02-02> patch level 5
L3 programming layer <2020-08-07>
("C:\Users\Eloy\AppData\Local\Programs\MiKTeX 2.9\tex/latex/base\article.cls"
Document Class: article 2019/12/20 v1.4l Standard LaTeX document class
("C:\Users\Eloy\AppData\Local\Programs\MiKTeX 2.9\tex/latex/base\size10.clo"
File: size10.clo 2019/12/20 v1.4l Standard LaTeX file (size option)
)
\c@part=\count168
\c@section=\count169
\c@subsection=\count170
\c@subsubsection=\count171
\c@paragraph=\count172
\c@subparagraph=\count173
\c@figure=\count174
\c@table=\count175
\abovecaptionskip=\skip47
\belowcaptionskip=\skip48
\bibindent=\dimen134
)
("C:\Users\Eloy\AppData\Local\Programs\MiKTeX 2.9\tex/latex/roboto\roboto.sty"
Package: roboto 2019/12/11 (Bob Tennent) Supports Roboto fonts for all LaTeX en
gines.

("C:\Users\Eloy\AppData\Local\Programs\MiKTeX 2.9\tex/generic/iftex\ifxetex.sty
"
Package: ifxetex 2019/10/25 v0.7 ifxetex legacy package. Use iftex instead.
 ("C:\Users\Eloy\AppData\Local\Programs\MiKTeX 2.9\tex/generic/iftex\iftex.sty"
Package: iftex 2020/03/06 v1.0d TeX engine tests
))
("C:\Users\Eloy\AppData\Local\Programs\MiKTeX 2.9\tex/generic/iftex\ifluatex.st
y"
Package: ifluatex 2019/10/25 v1.5 ifluatex legacy package. Use iftex instead.
)
("C:\Users\Eloy\AppData\Local\Programs\MiKTeX 2.9\tex/latex/xkeyval\xkeyval.sty
"
Package: xkeyval 2014/12/03 v2.7a package option processing (HA)

("C:\Users\Eloy\AppData\Local\Programs\MiKTeX 2.9\tex/generic/xkeyval\xkeyval.t
ex"
("C:\Users\Eloy\AppData\Local\Programs\MiKTeX 2.9\tex/generic/xkeyval\xkvutils.
tex"
\XKV@toks=\toks15
\XKV@tempa@toks=\toks16

("C:\Users\Eloy\AppData\Local\Programs\MiKTeX 2.9\tex/generic/xkeyval\keyval.te
x"))
\XKV@depth=\count176
File: xkeyval.tex 2014/12/03 v2.7a key=value parser (HA)
))
("C:\Users\Eloy\AppData\Local\Programs\MiKTeX 2.9\tex/latex/base\textcomp.sty"
Package: textcomp 2020/02/02 v2.0n Standard LaTeX package
) ("C:\Users\Eloy\AppData\Local\Programs\MiKTeX 2.9\tex/latex/base\fontenc.sty"
Package: fontenc 2020/02/11 v2.0o Standard LaTeX package


LaTeX Font Warning: Font shape `OT1/cmr/l/n' undefined
(Font)              using `OT1/cmr/m/n' instead on input line 112.

)
("C:\Users\Eloy\AppData\Local\Programs\MiKTeX 2.9\tex/latex/fontaxes\fontaxes.s
ty"
Package: fontaxes 2020/07/21 v1.0e Font selection axes
LaTeX Info: Redefining \upshape on input line 29.
LaTeX Info: Redefining \itshape on input line 31.
LaTeX Info: Redefining \slshape on input line 33.
LaTeX Info: Redefining \swshape on input line 35.
LaTeX Info: Redefining \scshape on input line 37.
LaTeX Info: Redefining \sscshape on input line 39.
LaTeX Info: Redefining \ulcshape on input line 41.
LaTeX Info: Redefining \textsw on input line 47.
LaTeX Info: Redefining \textssc on input line 48.
LaTeX Info: Redefining \textulc on input line 49.
))
("C:\Users\Eloy\AppData\Local\Programs\MiKTeX 2.9\tex/latex/base\fontenc.sty"
Package: fontenc 2020/02/11 v2.0o Standard LaTeX package
LaTeX Font Info:    Trying to load font information for T1+Roboto-LF on input l
ine 112.

("C:\Users\Eloy\AppData\Local\Programs\MiKTeX 2.9\tex/latex/roboto\t1roboto-lf.
fd"
File: T1Roboto-LF.fd 2019/12/11 (autoinst) Font definitions for T1/Roboto-LF.
)
LaTeX Font Info:    Font shape `T1/Roboto-LF/l/n' aliased to
(Font)              `T1/Roboto-LF/light/n' on input line 112.
LaTeX Font Info:    Font shape `T1/Roboto-LF/light/n' will be
(Font)              scaled to size 10.0pt on input line 112.
)
("C:\Users\Eloy\AppData\Local\Programs\MiKTeX 2.9\tex/generic/babel\babel.sty"
Package: babel 2020/07/13 3.47 The Babel package

("C:\Users\Eloy\AppData\Local\Programs\MiKTeX 2.9\tex/generic/babel\babel.def"
File: babel.def 2020/07/13 3.47 Babel common definitions
\babel@savecnt=\count177
\U@D=\dimen135
\l@babelnohyphens=\language83

("C:\Users\Eloy\AppData\Local\Programs\MiKTeX 2.9\tex/generic/babel\txtbabel.de
f")
\bbl@readstream=\read2
)
\bbl@dirlevel=\count178

*************************************
* Local config file bblopts.cfg used
*
("C:\Users\Eloy\AppData\Local\Programs\MiKTeX 2.9\tex/latex/arabi\bblopts.cfg"
File: bblopts.cfg 2005/09/08 v0.1 add Arabic and Farsi to "declared" options of
 babel
)
("C:\Users\Eloy\AppData\Local\Programs\MiKTeX 2.9\tex/latex/babel-spanish\spani
sh.ldf"
Language: spanish.ldf 2016/03/03 v5.0p Spanish support from the babel system
\es@quottoks=\toks17
\es@quotdepth=\count179
Package babel Info: Making " an active character on input line 561.
Package babel Info: Making . an active character on input line 662.
Package babel Info: Making < an active character on input line 707.
Package babel Info: Making > an active character on input line 707.
))
("C:\Users\Eloy\AppData\Local\Programs\MiKTeX 2.9\tex/latex/amsmath\amsmath.sty
"
Package: amsmath 2020/01/20 v2.17e AMS math features
\@mathmargin=\skip49

For additional information on amsmath, use the `?' option.
("C:\Users\Eloy\AppData\Local\Programs\MiKTeX 2.9\tex/latex/amsmath\amstext.sty
"
Package: amstext 2000/06/29 v2.01 AMS text
 ("C:\Users\Eloy\AppData\Local\Programs\MiKTeX 2.9\tex/latex/amsmath\amsgen.sty
"
File: amsgen.sty 1999/11/30 v2.0 generic functions
\@emptytoks=\toks18
\ex@=\dimen136
))
("C:\Users\Eloy\AppData\Local\Programs\MiKTeX 2.9\tex/latex/amsmath\amsbsy.sty"
Package: amsbsy 1999/11/29 v1.2d Bold Symbols
\pmbraise@=\dimen137
) ("C:\Users\Eloy\AppData\Local\Programs\MiKTeX 2.9\tex/latex/amsmath\amsopn.st
y"
Package: amsopn 2016/03/08 v2.02 operator names
)
\inf@bad=\count180
LaTeX Info: Redefining \frac on input line 227.
\uproot@=\count181
\leftroot@=\count182
LaTeX Info: Redefining \overline on input line 389.
\classnum@=\count183
\DOTSCASE@=\count184
LaTeX Info: Redefining \ldots on input line 486.
LaTeX Info: Redefining \dots on input line 489.
LaTeX Info: Redefining \cdots on input line 610.
\Mathstrutbox@=\box45
\strutbox@=\box46
\big@size=\dimen138
LaTeX Font Info:    Redeclaring font encoding OML on input line 733.
LaTeX Font Info:    Redeclaring font encoding OMS on input line 734.
\macc@depth=\count185
\c@MaxMatrixCols=\count186
\dotsspace@=\muskip16
\c@parentequation=\count187
\dspbrk@lvl=\count188
\tag@help=\toks19
\row@=\count189
\column@=\count190
\maxfields@=\count191
\andhelp@=\toks20
\eqnshift@=\dimen139
\alignsep@=\dimen140
\tagshift@=\dimen141
\tagwidth@=\dimen142
\totwidth@=\dimen143
\lineht@=\dimen144
\@envbody=\toks21
\multlinegap=\skip50
\multlinetaggap=\skip51
\mathdisplay@stack=\toks22
LaTeX Info: Redefining \[ on input line 2859.
LaTeX Info: Redefining \] on input line 2860.
)
("C:\Users\Eloy\AppData\Local\Programs\MiKTeX 2.9\tex/latex/cjk-ko\kotex.sty"
Package: kotex 2015/04/19 v1.6 Korean TeX (ko.TeX)

("C:\Users\Eloy\AppData\Local\Programs\MiKTeX 2.9\tex/latex/kotex-utf\kotex.cfg
")
("C:\Users\Eloy\AppData\Local\Programs\MiKTeX 2.9\tex/latex/kotex-utf\kotexutf.
sty"
Package: kotexutf 2015/07/18 v2.1.1 typesetting UTF-8 Korean documents

("C:\Users\Eloy\AppData\Local\Programs\MiKTeX 2.9\tex/latex/base\inputenc.sty"
Package: inputenc 2018/08/11 v1.3c Input encoding file
\inpenc@prehook=\toks23
\inpenc@posthook=\toks24
)
("C:\Users\Eloy\AppData\Local\Programs\MiKTeX 2.9\tex/plain/kotex-plain\kotexut
f-core.tex"
\unih@ngulpoint=\count192
\dhucs@emph@raise=\dimen145
)
Now handling font encoding LUC ...
... processing UTF-8 mapping file for font encoding LUC

("C:\Users\Eloy\AppData\Local\Programs\MiKTeX 2.9\tex/latex/kotex-utf\lucenc.df
u"
File: lucenc.dfu 2007/09/05 UTF-8 support for dhucs
   defining Unicode char U+00B7 (decimal 183)
   defining Unicode char U+2018 (decimal 8216)
   defining Unicode char U+2019 (decimal 8217)
   defining Unicode char U+201C (decimal 8220)
   defining Unicode char U+201D (decimal 8221)
   defining Unicode char U+3001 (decimal 12289)
   defining Unicode char U+3002 (decimal 12290)
   defining Unicode char U+3008 (decimal 12296)
   defining Unicode char U+3009 (decimal 12297)
   defining Unicode char U+300A (decimal 12298)
   defining Unicode char U+300B (decimal 12299)
   defining Unicode char U+300C (decimal 12300)
   defining Unicode char U+300D (decimal 12301)
   defining Unicode char U+300E (decimal 12302)
   defining Unicode char U+300F (decimal 12303)
   defining Unicode char U+3010 (decimal 12304)
   defining Unicode char U+3011 (decimal 12305)
   defining Unicode char U+3014 (decimal 12308)
   defining Unicode char U+3015 (decimal 12309)
   defining Unicode char U+3016 (decimal 12310)
   defining Unicode char U+3017 (decimal 12311)
   defining Unicode char U+3018 (decimal 12312)
   defining Unicode char U+3019 (decimal 12313)
   defining Unicode char U+301A (decimal 12314)
   defining Unicode char U+301B (decimal 12315)
   defining Unicode char U+FF01 (decimal 65281)
   defining Unicode char U+FF08 (decimal 65288)
   defining Unicode char U+FF09 (decimal 65289)
   defining Unicode char U+FF0C (decimal 65292)
   defining Unicode char U+FF0E (decimal 65294)
   defining Unicode char U+FF1A (decimal 65306)
   defining Unicode char U+FF1B (decimal 65307)
   defining Unicode char U+FF1C (decimal 65308)
   defining Unicode char U+FF1D (decimal 65309)
   defining Unicode char U+FF1E (decimal 65310)
   defining Unicode char U+FF1F (decimal 65311)
   defining Unicode char U+FF3B (decimal 65339)
   defining Unicode char U+FF3D (decimal 65341)
   defining Unicode char U+FF5B (decimal 65371)
   defining Unicode char U+FF5D (decimal 65373)
   defining Unicode char U+FF61 (decimal 65377)
   defining Unicode char U+FF62 (decimal 65378)
   defining Unicode char U+FF63 (decimal 65379)
   defining Unicode char U+FF64 (decimal 65380)
   defining Unicode char U+FF65 (decimal 65381)
)
\@josa=\count193
\josatoks=\toks25

("C:\Users\Eloy\AppData\Local\Programs\MiKTeX 2.9\tex/latex/cjk-ko\kolabels-utf
.sty"
Package: kolabels-utf 2015/03/20 v1.5 UTF-8 Hangul item labels
)))
("C:\Users\Eloy\AppData\Local\Programs\MiKTeX 2.9\tex/latex/fontawesome5\fontaw
esome5.sty"
("C:\Users\Eloy\AppData\Local\Programs\MiKTeX 2.9\tex/latex/l3kernel\expl3.sty"
Package: expl3 2020-08-07 L3 programming layer (loader) 

("C:\Users\Eloy\AppData\Local\Programs\MiKTeX 2.9\tex/latex/l3backend\l3backend
-pdfmode.def"
File: l3backend-pdfmode.def 2020-08-07 L3 backend support: PDF mode
\l__kernel_color_stack_int=\count194
\l__pdf_internal_box=\box47
))
Package: fontawesome5 2020/03/24 v5.13.0 Font Awesome 5

("C:\Users\Eloy\AppData\Local\Programs\MiKTeX 2.9\tex/latex/l3packages/l3keys2e
\l3keys2e.sty"
Package: l3keys2e 2020-05-15 LaTeX2e option processing using LaTeX3 keys
)
("C:\Users\Eloy\AppData\Local\Programs\MiKTeX 2.9\tex/latex/l3packages/xparse\x
parse.sty"
Package: xparse 2020-05-15 L3 Experimental document command parser

("C:\Users\Eloy\AppData\Local\Programs\MiKTeX 2.9\tex/latex/l3packages/xparse\x
parse-generic.tex"
\l__xparse_current_arg_int=\count195
\g__xparse_grabber_int=\count196
\l__xparse_m_args_int=\count197
\l__xparse_v_nesting_int=\count198
))
("C:\Users\Eloy\AppData\Local\Programs\MiKTeX 2.9\tex/latex/fontawesome5\fontaw
esome5-generic-helper.sty"
Package: fontawesome5-generic-helper 2020/03/24 v5.13.0 non-uTeX helper for fon
tawesome5

("C:\Users\Eloy\AppData\Local\Programs\MiKTeX 2.9\tex/latex/fontawesome5\fontaw
esome5-mapping.def")))
\@input{structure.aux}
\openout2 = `structure.aux'.

(structure.tex
("C:\Users\Eloy\AppData\Local\Programs\MiKTeX 2.9\tex/latex/geometry\geometry.s
ty"
Package: geometry 2020/01/02 v5.9 Page Geometry

("C:\Users\Eloy\AppData\Local\Programs\MiKTeX 2.9\tex/generic/iftex\ifvtex.sty"
Package: ifvtex 2019/10/25 v1.7 ifvtex legacy package. Use iftex instead.
)
\Gm@cnth=\count199
\Gm@cntv=\count266
\c@Gm@tempcnt=\count267
\Gm@bindingoffset=\dimen146
\Gm@wd@mp=\dimen147
\Gm@odd@mp=\dimen148
\Gm@even@mp=\dimen149
\Gm@layoutwidth=\dimen150
\Gm@layoutheight=\dimen151
\Gm@layouthoffset=\dimen152
\Gm@layoutvoffset=\dimen153
\Gm@dimlist=\toks26

("C:\Users\Eloy\AppData\Local\Programs\MiKTeX 2.9\tex/latex/geometry\geometry.c
fg"))
("C:\Users\Eloy\AppData\Local\Programs\MiKTeX 2.9\tex/latex/tools\multicol.sty"
Package: multicol 2019/12/09 v1.8y multicolumn formatting (FMi)
\c@tracingmulticols=\count268
\mult@box=\box48
\multicol@leftmargin=\dimen154
\c@unbalance=\count269
\c@collectmore=\count270
\doublecol@number=\count271
\multicoltolerance=\count272
\multicolpretolerance=\count273
\full@width=\dimen155
\page@free=\dimen156
\premulticols=\dimen157
\postmulticols=\dimen158
\multicolsep=\skip52
\multicolbaselineskip=\skip53
\partial@page=\box49
\last@line=\box50
\maxbalancingoverflow=\dimen159
\mult@rightbox=\box51
\mult@grightbox=\box52
\mult@gfirstbox=\box53
\mult@firstbox=\box54
\@tempa=\box55
\@tempa=\box56
\@tempa=\box57
\@tempa=\box58
\@tempa=\box59
\@tempa=\box60
\@tempa=\box61
\@tempa=\box62
\@tempa=\box63
\@tempa=\box64
\@tempa=\box65
\@tempa=\box66
\@tempa=\box67
\@tempa=\box68
\@tempa=\box69
\@tempa=\box70
\@tempa=\box71
\@tempa=\box72
\@tempa=\box73
\@tempa=\box74
\@tempa=\box75
\@tempa=\box76
\@tempa=\box77
\@tempa=\box78
\@tempa=\box79
\@tempa=\box80
\@tempa=\box81
\@tempa=\box82
\@tempa=\box83
\@tempa=\box84
\@tempa=\box85
\@tempa=\box86
\@tempa=\box87
\@tempa=\box88
\@tempa=\box89
\@tempa=\box90
\@tempa=\box91
\c@minrows=\count274
\c@columnbadness=\count275
\c@finalcolumnbadness=\count276
\last@try=\dimen160
\multicolovershoot=\dimen161
\multicolundershoot=\dimen162
\mult@nat@firstbox=\box92
\colbreak@box=\box93
\mc@col@check@num=\count277
)
("C:\Users\Eloy\AppData\Local\Programs\MiKTeX 2.9\tex/latex/mdwtools\mdwlist.st
y"
Package: mdwlist 1996/05/02 1.1 Various list-related things
)
("C:\Users\Eloy\AppData\Local\Programs\MiKTeX 2.9\tex/latex/tex-gyre\tgpagella.
sty"
Package: tgpagella 2009/09/27 v1.2 TeX Gyre Pagella as default roman family

("C:\Users\Eloy\AppData\Local\Programs\MiKTeX 2.9\tex/latex/kvoptions\kvoptions
.sty"
Package: kvoptions 2019/11/29 v3.13 Key value format for package options (HO)

("C:\Users\Eloy\AppData\Local\Programs\MiKTeX 2.9\tex/generic/ltxcmds\ltxcmds.s
ty"
Package: ltxcmds 2019/12/15 v1.24 LaTeX kernel commands for general use (HO)
)
("C:\Users\Eloy\AppData\Local\Programs\MiKTeX 2.9\tex/generic/kvsetkeys\kvsetke
ys.sty"
Package: kvsetkeys 2019/12/15 v1.18 Key value parser (HO)
)))
("C:\Users\Eloy\AppData\Local\Programs\MiKTeX 2.9\tex/latex/base\fontenc.sty"
Package: fontenc 2020/02/11 v2.0o Standard LaTeX package
)
("C:\Users\Eloy\AppData\Local\Programs\MiKTeX 2.9\tex/latex/microtype\microtype
.sty"
Package: microtype 2019/11/18 v2.7d Micro-typographical refinements (RS)
\MT@toks=\toks27
\MT@count=\count278
LaTeX Info: Redefining \textls on input line 790.
\MT@outer@kern=\dimen163
LaTeX Info: Redefining \textmicrotypecontext on input line 1354.
\MT@listname@count=\count279

("C:\Users\Eloy\AppData\Local\Programs\MiKTeX 2.9\tex/latex/microtype\microtype
-pdftex.def"
File: microtype-pdftex.def 2019/11/18 v2.7d Definitions specific to pdftex (RS)

LaTeX Info: Redefining \lsstyle on input line 914.
LaTeX Info: Redefining \lslig on input line 914.
\MT@outer@space=\skip54
)
Package microtype Info: Loading configuration file microtype.cfg.

("C:\Users\Eloy\AppData\Local\Programs\MiKTeX 2.9\tex/latex/microtype\microtype
.cfg"
File: microtype.cfg 2019/11/18 v2.7d microtype main configuration file (RS)
))
("C:\Users\Eloy\AppData\Local\Programs\MiKTeX 2.9\tex/latex/relsize\relsize.sty
"
Package: relsize 2013/03/29 ver 4.1
)
("C:\Users\Eloy\AppData\Local\Programs\MiKTeX 2.9\tex/latex/hyperref\hyperref.s
ty"
Package: hyperref 2020-05-15 v7.00e Hypertext links for LaTeX

("C:\Users\Eloy\AppData\Local\Programs\MiKTeX 2.9\tex/generic/pdftexcmds\pdftex
cmds.sty"
Package: pdftexcmds 2020-06-27 v0.33 Utility functions of pdfTeX for LuaTeX (HO
)

("C:\Users\Eloy\AppData\Local\Programs\MiKTeX 2.9\tex/generic/infwarerr\infware
rr.sty"
Package: infwarerr 2019/12/03 v1.5 Providing info/warning/error messages (HO)
)
Package pdftexcmds Info: \pdf@primitive is available.
Package pdftexcmds Info: \pdf@ifprimitive is available.
Package pdftexcmds Info: \pdfdraftmode found.
)
("C:\Users\Eloy\AppData\Local\Programs\MiKTeX 2.9\tex/generic/kvdefinekeys\kvde
finekeys.sty"
Package: kvdefinekeys 2019-12-19 v1.6 Define keys (HO)
)
("C:\Users\Eloy\AppData\Local\Programs\MiKTeX 2.9\tex/generic/pdfescape\pdfesca
pe.sty"
Package: pdfescape 2019/12/09 v1.15 Implements pdfTeX's escape features (HO)
)
("C:\Users\Eloy\AppData\Local\Programs\MiKTeX 2.9\tex/latex/hycolor\hycolor.sty
"
Package: hycolor 2020-01-27 v1.10 Color options for hyperref/bookmark (HO)
)
("C:\Users\Eloy\AppData\Local\Programs\MiKTeX 2.9\tex/latex/letltxmacro\letltxm
acro.sty"
Package: letltxmacro 2019/12/03 v1.6 Let assignment for LaTeX macros (HO)
)
("C:\Users\Eloy\AppData\Local\Programs\MiKTeX 2.9\tex/latex/auxhook\auxhook.sty
"
Package: auxhook 2019-12-17 v1.6 Hooks for auxiliary files (HO)
)
\@linkdim=\dimen164
\Hy@linkcounter=\count280
\Hy@pagecounter=\count281

("C:\Users\Eloy\AppData\Local\Programs\MiKTeX 2.9\tex/latex/hyperref\pd1enc.def
"
File: pd1enc.def 2020-05-15 v7.00e Hyperref: PDFDocEncoding definition (HO)
Now handling font encoding PD1 ...
... no UTF-8 mapping file for font encoding PD1
)
("C:\Users\Eloy\AppData\Local\Programs\MiKTeX 2.9\tex/generic/intcalc\intcalc.s
ty"
Package: intcalc 2019/12/15 v1.3 Expandable calculations with integers (HO)
)
("C:\Users\Eloy\AppData\Local\Programs\MiKTeX 2.9\tex/generic/etexcmds\etexcmds
.sty"
Package: etexcmds 2019/12/15 v1.7 Avoid name clashes with e-TeX commands (HO)
)
\Hy@SavedSpaceFactor=\count282
Package hyperref Info: Hyper figures OFF on input line 4464.
Package hyperref Info: Link nesting OFF on input line 4469.
Package hyperref Info: Hyper index ON on input line 4472.
Package hyperref Info: Plain pages OFF on input line 4479.
Package hyperref Info: Backreferencing OFF on input line 4484.
Package hyperref Info: Implicit mode ON; LaTeX internals redefined.
Package hyperref Info: Bookmarks ON on input line 4717.
\c@Hy@tempcnt=\count283
 ("C:\Users\Eloy\AppData\Local\Programs\MiKTeX 2.9\tex/latex/url\url.sty"
\Urlmuskip=\muskip17
Package: url 2013/09/16  ver 3.4  Verb mode for urls, etc.
)
LaTeX Info: Redefining \url on input line 5076.
\XeTeXLinkMargin=\dimen165

("C:\Users\Eloy\AppData\Local\Programs\MiKTeX 2.9\tex/generic/bitset\bitset.sty
"
Package: bitset 2019/12/09 v1.3 Handle bit-vector datatype (HO)

("C:\Users\Eloy\AppData\Local\Programs\MiKTeX 2.9\tex/generic/bigintcalc\bigint
calc.sty"
Package: bigintcalc 2019/12/15 v1.5 Expandable calculations on big integers (HO
)
))
\Fld@menulength=\count284
\Field@Width=\dimen166
\Fld@charsize=\dimen167
Package hyperref Info: Hyper figures OFF on input line 6347.
Package hyperref Info: Link nesting OFF on input line 6352.
Package hyperref Info: Hyper index ON on input line 6355.
Package hyperref Info: backreferencing OFF on input line 6362.
Package hyperref Info: Link coloring OFF on input line 6367.
Package hyperref Info: Link coloring with OCG OFF on input line 6372.
Package hyperref Info: PDF/A mode OFF on input line 6377.
LaTeX Info: Redefining \ref on input line 6417.
LaTeX Info: Redefining \pageref on input line 6421.

("C:\Users\Eloy\AppData\Local\Programs\MiKTeX 2.9\tex/generic/atbegshi\atbegshi
.sty"
Package: atbegshi 2019/12/05 v1.19 At begin shipout hook (HO)
)
\Hy@abspage=\count285
\c@Item=\count286
\c@Hfootnote=\count287
)
Package hyperref Info: Driver (autodetected): hpdftex.

("C:\Users\Eloy\AppData\Local\Programs\MiKTeX 2.9\tex/latex/hyperref\hpdftex.de
f"
File: hpdftex.def 2020-05-15 v7.00e Hyperref driver for pdfTeX

("C:\Users\Eloy\AppData\Local\Programs\MiKTeX 2.9\tex/latex/atveryend\atveryend
.sty"
Package: atveryend 2019-12-11 v1.11 Hooks at the very end of document (HO)
Package atveryend Info: \enddocument detected (standard20110627).
)
\Fld@listcount=\count288
\c@bookmark@seq@number=\count289

("C:\Users\Eloy\AppData\Local\Programs\MiKTeX 2.9\tex/latex/rerunfilecheck\reru
nfilecheck.sty"
Package: rerunfilecheck 2019/12/05 v1.9 Rerun checks for auxiliary files (HO)

("C:\Users\Eloy\AppData\Local\Programs\MiKTeX 2.9\tex/generic/uniquecounter\uni
quecounter.sty"
Package: uniquecounter 2019/12/15 v1.4 Provide unlimited unique counter (HO)
)
Package uniquecounter Info: New unique counter `rerunfilecheck' on input line 2
86.
)
\Hy@SectionHShift=\skip55
)
("C:\Users\Eloy\AppData\Local\Programs\MiKTeX 2.9\tex/latex/xcolor\xcolor.sty"
Package: xcolor 2016/05/11 v2.12 LaTeX color extensions (UK)

("C:\Users\Eloy\AppData\Local\Programs\MiKTeX 2.9\tex/latex/graphics-cfg\color.
cfg"
File: color.cfg 2016/01/02 v1.6 sample color configuration
)
Package xcolor Info: Driver file: pdftex.def on input line 225.

("C:\Users\Eloy\AppData\Local\Programs\MiKTeX 2.9\tex/latex/graphics-def\pdftex
.def"
File: pdftex.def 2018/01/08 v1.0l Graphics/color driver for pdftex
)
Package xcolor Info: Model `cmy' substituted by `cmy0' on input line 1348.
Package xcolor Info: Model `hsb' substituted by `rgb' on input line 1352.
Package xcolor Info: Model `RGB' extended on input line 1364.
Package xcolor Info: Model `HTML' substituted by `rgb' on input line 1366.
Package xcolor Info: Model `Hsb' substituted by `hsb' on input line 1367.
Package xcolor Info: Model `tHsb' substituted by `hsb' on input line 1368.
Package xcolor Info: Model `HSB' substituted by `hsb' on input line 1369.
Package xcolor Info: Model `Gray' substituted by `gray' on input line 1370.
Package xcolor Info: Model `wave' substituted by `hsb' on input line 1371.
)
Package hyperref Info: Option `colorlinks' set `true' on input line 12.
\newparindent=\skip56
\doubleparindent=\skip57
)
No file CV_spanish.aux.
\openout1 = `CV_spanish.aux'.

LaTeX Font Info:    Checking defaults for OML/cmm/m/it on input line 22.
LaTeX Font Info:    ... okay on input line 22.
LaTeX Font Info:    Checking defaults for OMS/cmsy/m/n on input line 22.
LaTeX Font Info:    ... okay on input line 22.
LaTeX Font Info:    Checking defaults for OT1/cmr/m/n on input line 22.
LaTeX Font Info:    ... okay on input line 22.
LaTeX Font Info:    Checking defaults for T1/cmr/m/n on input line 22.
LaTeX Font Info:    ... okay on input line 22.
LaTeX Font Info:    Checking defaults for TS1/cmr/m/n on input line 22.
LaTeX Font Info:    ... okay on input line 22.
LaTeX Font Info:    Checking defaults for OMX/cmex/m/n on input line 22.
LaTeX Font Info:    ... okay on input line 22.
LaTeX Font Info:    Checking defaults for U/cmr/m/n on input line 22.
LaTeX Font Info:    ... okay on input line 22.
LaTeX Font Info:    Checking defaults for LUC/nanummj/m/n on input line 22.
LaTeX Font Info:    Trying to load font information for LUC+nanummj on input li
ne 22.

("C:\Users\Eloy\AppData\Local\Programs\MiKTeX 2.9\tex/latex/nanumtype1\lucnanum
mj.fd"
File: lucnanummj.fd 2013/02/12 v0.1 Nanum Myeongjo font definitions
)
LaTeX Font Info:    ... okay on input line 22.
LaTeX Font Info:    Checking defaults for PD1/pdf/m/n on input line 22.
LaTeX Font Info:    ... okay on input line 22.
\c@mv@tabular=\count290
\c@mv@boldtabular=\count291
LaTeX Info: Redefining \. on input line 22.
LaTeX Info: Redefining \% on input line 22.

*geometry* driver: auto-detecting
*geometry* detected driver: pdftex
*geometry* verbose mode - [ preamble ] result:
* driver: pdftex
* paper: a4paper
* layout: <same size as paper>
* layoutoffset:(h,v)=(0.0pt,0.0pt)
* modes: 
* h-part:(L,W,R)=(54.2025pt, 489.10287pt, 54.2025pt)
* v-part:(T,H,B)=(54.2025pt, 736.64185pt, 54.2025pt)
* \paperwidth=597.50787pt
* \paperheight=845.04684pt
* \textwidth=489.10287pt
* \textheight=736.64185pt
* \oddsidemargin=-18.06749pt
* \evensidemargin=-18.06749pt
* \topmargin=-55.06749pt
* \headheight=12.0pt
* \headsep=25.0pt
* \topskip=10.0pt
* \footskip=30.0pt
* \marginparwidth=57.0pt
* \marginparsep=11.0pt
* \columnsep=10.0pt
* \skip\footins=9.0pt plus 4.0pt minus 2.0pt
* \hoffset=0.0pt
* \voffset=0.0pt
* \mag=1000
* \@twocolumnfalse
* \@twosidefalse
* \@mparswitchfalse
* \@reversemarginfalse
* (1in=72.27pt=25.4mm, 1cm=28.453pt)


Package microtype Warning: Command \pickup@font is not defined as expected.
(microtype)                Patching it anyway. Some things may break.
(microtype)                Double-check whether micro-typography is indeed
(microtype)                applied to the document.
(microtype)                (Hint: Turn on `verbose' mode).

LaTeX Info: Redefining \microtypecontext on input line 22.
Package microtype Info: Generating PDF output.
Package microtype Info: Character protrusion enabled (level 2).
Package microtype Info: Using default protrusion set `alltext'.
Package microtype Info: Automatic font expansion enabled (level 2),
(microtype)             stretch: 20, shrink: 20, step: 1, non-selected.
Package microtype Info: Using default expansion set `basictext'.
LaTeX Info: Redefining \showhyphens on input line 22.
Package microtype Info: No adjustment of tracking.
Package microtype Info: No adjustment of interword spacing.
Package microtype Info: No adjustment of character kerning.
Package microtype Info: Loading generic protrusion settings for font family
(microtype)             `Roboto-LF' (encoding: T1).
(microtype)             For optimal results, create family-specific settings.
(microtype)             See the microtype manual for details.
\AtBeginShipoutBox=\box94
Package hyperref Info: Link coloring ON on input line 22.

("C:\Users\Eloy\AppData\Local\Programs\MiKTeX 2.9\tex/latex/hyperref\nameref.st
y"
Package: nameref 2019/09/16 v2.46 Cross-referencing by name of section

("C:\Users\Eloy\AppData\Local\Programs\MiKTeX 2.9\tex/latex/refcount\refcount.s
ty"
Package: refcount 2019/12/15 v3.6 Data extraction from label references (HO)
)
("C:\Users\Eloy\AppData\Local\Programs\MiKTeX 2.9\tex/generic/gettitlestring\ge
ttitlestring.sty"
Package: gettitlestring 2019/12/15 v1.6 Cleanup title references (HO)
)
\c@section@level=\count292
)
LaTeX Info: Redefining \ref on input line 22.
LaTeX Info: Redefining \pageref on input line 22.
LaTeX Info: Redefining \nameref on input line 22.
\@outlinefile=\write3
\openout3 = `CV_spanish.out'.


("C:\Users\Eloy\AppData\Local\Programs\MiKTeX 2.9\tex/context/base/mkii\supp-pd
f.mkii"
[Loading MPS to PDF converter (version 2006.09.02).]
\scratchcounter=\count293
\scratchdimen=\dimen168
\scratchbox=\box95
\nofMPsegments=\count294
\nofMParguments=\count295
\everyMPshowfont=\toks28
\MPscratchCnt=\count296
\MPscratchDim=\dimen169
\MPnumerator=\count297
\makeMPintoPDFobject=\count298
\everyMPtoPDFconversion=\toks29
)
LaTeX Font Info:    Font shape `T1/Roboto-LF/l/n' aliased to
(Font)              `T1/Roboto-LF/light/n' on input line 36.
LaTeX Font Info:    Font shape `T1/Roboto-LF/light/n' will be
(Font)              scaled to size 20.74pt on input line 36.
LaTeX Font Info:    Trying to load font information for U+fontawesomefree2 on i
nput line 39.

("C:\Users\Eloy\AppData\Local\Programs\MiKTeX 2.9\tex/latex/fontawesome5\ufonta
wesomefree2.fd")
LaTeX Font Info:    Trying to load font information for U+fontawesomefree1 on i
nput line 39.

("C:\Users\Eloy\AppData\Local\Programs\MiKTeX 2.9\tex/latex/fontawesome5\ufonta
wesomefree1.fd")
LaTeX Font Info:    Trying to load font information for U+fontawesomebrands0 on
 input line 40.

("C:\Users\Eloy\AppData\Local\Programs\MiKTeX 2.9\tex/latex/fontawesome5\ufonta
wesomebrands0.fd")
LaTeX Font Info:    Font shape `U/fontawesomebrands0/solid/n' in size <10> not 
available
(Font)              Font shape `U/fontawesomebrands0/regular/n' tried instead o
n input line 40.
LaTeX Font Info:    Font shape `T1/Roboto-LF/l/n' aliased to
(Font)              `T1/Roboto-LF/light/n' on input line 63.
LaTeX Font Info:    Font shape `T1/Roboto-LF/light/n' will be
(Font)              scaled to size 12.0pt on input line 63.
LaTeX Font Info:    Font shape `T1/Roboto-LF/b/n' aliased to
(Font)              `T1/Roboto-LF/bold/n' on input line 63.
LaTeX Font Info:    Font shape `T1/Roboto-LF/bold/n' will be
(Font)              scaled to size 12.0pt on input line 63.
LaTeX Font Info:    Font shape `T1/Roboto-LF/l/n' aliased to
(Font)              `T1/Roboto-LF/light/n' on input line 74.
LaTeX Font Info:    Font shape `T1/Roboto-LF/light/n' will be
(Font)              scaled to size 11.00006pt on input line 74.
LaTeX Font Info:    Font shape `T1/Roboto-LF/l/sc' aliased to
(Font)              `T1/Roboto-LF/light/sc' on input line 74.
LaTeX Font Info:    Font shape `T1/Roboto-LF/light/sc' will be
(Font)              scaled to size 10.0pt on input line 74.
Package microtype Info: Character `029' is missing
(microtype)             in font `T1/Roboto-LF/light/sc/10'.
(microtype)             Ignoring protrusion settings for this character.
LaTeX Font Info:    Font shape `T1/Roboto-LF/b/n' aliased to
(Font)              `T1/Roboto-LF/bold/n' on input line 74.
LaTeX Font Info:    Font shape `T1/Roboto-LF/bold/n' will be
(Font)              scaled to size 10.0pt on input line 74.
LaTeX Font Info:    Font shape `T1/Roboto-LF/b/sc' aliased to
(Font)              `T1/Roboto-LF/bold/sc' on input line 74.
LaTeX Font Info:    Font shape `T1/Roboto-LF/bold/sc' will be
(Font)              scaled to size 10.0pt on input line 74.
Package microtype Info: Character `029' is missing
(microtype)             in font `T1/Roboto-LF/bold/sc/10'.
(microtype)             Ignoring protrusion settings for this character.
LaTeX Font Info:    Font shape `T1/Roboto-LF/l/it' aliased to
(Font)              `T1/Roboto-LF/light/it' on input line 74.
LaTeX Font Info:    Font shape `T1/Roboto-LF/light/it' will be
(Font)              scaled to size 10.0pt on input line 74.
LaTeX Font Info:    Trying to load font information for U+fontawesomefree0 on i
nput line 120.

("C:\Users\Eloy\AppData\Local\Programs\MiKTeX 2.9\tex/latex/fontawesome5\ufonta
wesomefree0.fd")
("C:\Users\Eloy\AppData\Local\Programs\MiKTeX 2.9\tex/latex/microtype\mt-cmr.cf
g"
File: mt-cmr.cfg 2013/05/19 v2.2 microtype config. file: Computer Modern Roman 
(RS)
)
LaTeX Font Info:    Font shape `T1/Roboto-LF/l/n' aliased to
(Font)              `T1/Roboto-LF/light/n' on input line 192.
LaTeX Font Info:    Font shape `T1/Roboto-LF/light/n' will be
(Font)              scaled to size 7.0pt on input line 192.
 [1



{C:/Users/Eloy/AppData/Local/MiKTeX/2.9/pdftex/config/pdftex.map}]
LaTeX Font Info:    Trying to load font information for LUC+nanumgt on input li
ne 200.

("C:\Users\Eloy\AppData\Local\Programs\MiKTeX 2.9\tex/latex/nanumtype1\lucnanum
gt.fd"
File: lucnanumgt.fd 2013/02/12 v0.1 Nanum Gothic font definitions
)

LaTeX Font Warning: Font shape `LUC/nanumgt/l/n' undefined
(Font)              using `LUC/nanumgt/m/n' instead on input line 200.


Overfull \hbox (2.14972pt too wide) in paragraph at lines 211--212
[]\T1/Roboto-LF/light/n/10 Presentador, "\T1/Roboto-LF/light/it/10 Ecua-cio-nes
 di-fe-ren-cia-les es-tocásticas con apli-ca-ción en ma-temática fi-nan-cie-ra:
 Mo-de-lo de Black-
 []

Package atveryend Info: Empty hook `BeforeClearDocument' on input line 216.
[2]
Package atveryend Info: Empty hook `AfterLastShipout' on input line 216.
 (CV_spanish.aux
LaTeX Info: Redefining \. on input line 25.
LaTeX Info: Redefining \% on input line 25.
)
Package atveryend Info: Executing hook `AtVeryEndDocument' on input line 216.
Package atveryend Info: Executing hook `AtEndAfterFileList' on input line 216.


Package rerunfilecheck Warning: File `CV_spanish.out' has changed.
(rerunfilecheck)                Rerun to get outlines right
(rerunfilecheck)                or use package `bookmark'.

Package rerunfilecheck Info: Checksums for `CV_spanish.out':
(rerunfilecheck)             Before: <no file>
(rerunfilecheck)             After:  D41D8CD98F00B204E9800998ECF8427E;0.

LaTeX Font Warning: Some font shapes were not available, defaults substituted.

Package atveryend Info: Empty hook `AtVeryVeryEnd' on input line 216.
 ) 
Here is how much of TeX's memory you used:
 14018 strings out of 481178
 248115 string characters out of 2902953
 549766 words of memory out of 3000000
 29364 multiletter control sequences out of 15000+200000
 585046 words of font info for 58 fonts, out of 3000000 for 9000
 1141 hyphenation exceptions out of 8191
 48i,5n,74p,511b,576s stack positions out of 5000i,500n,10000p,200000b,50000s
{C:/Users/Eloy/AppData/Local/Programs/MiKTeX 2.9/fonts/enc/dvips/fontawesome5
/fa5free0.enc}{C:/Users/Eloy/AppData/Local/Programs/MiKTeX 2.9/fonts/enc/dvips/
roboto/rbto_b5rac7.enc}{C:/Users/Eloy/AppData/Local/Programs/MiKTeX 2.9/fonts/e
nc/dvips/roboto/rbto_shbyjm.enc}{C:/Users/Eloy/AppData/Local/Programs/MiKTeX 2.
9/fonts/enc/dvips/fontawesome5/fa5free1.enc}{C:/Users/Eloy/AppData/Local/Progra
ms/MiKTeX 2.9/fonts/enc/dvips/fontawesome5/fa5brands0.enc}{C:/Users/Eloy/AppDat
a/Local/Programs/MiKTeX 2.9/fonts/enc/dvips/fontawesome5/fa5free2.enc}<C:/Users
/Eloy/AppData/Local/Programs/MiKTeX 2.9/fonts/type1/public/fontawesome5/FontAwe
some5Brands-Regular.pfb><C:/Users/Eloy/AppData/Local/Programs/MiKTeX 2.9/fonts/
type1/public/fontawesome5/FontAwesome5Free-Regular.pfb><C:/Users/Eloy/AppData/L
ocal/Programs/MiKTeX 2.9/fonts/type1/public/fontawesome5/FontAwesome5Free-Solid
.pfb><C:/Users/Eloy/AppData/Local/Programs/MiKTeX 2.9/fonts/type1/google/roboto
/Roboto-Bold.pfb><C:/Users/Eloy/AppData/Local/Programs/MiKTeX 2.9/fonts/type1/g
oogle/roboto/Roboto-Light.pfb><C:/Users/Eloy/AppData/Local/Programs/MiKTeX 2.9/
fonts/type1/google/roboto/Roboto-LightItalic.pfb><C:/Users/Eloy/AppData/Local/P
rograms/MiKTeX 2.9/fonts/type1/public/nanumtype1/nanumgtmad.pfb><C:/Users/Eloy/
AppData/Local/Programs/MiKTeX 2.9/fonts/type1/public/nanumtype1/nanumgtmc5.pfb>
<C:/Users/Eloy/AppData/Local/Programs/MiKTeX 2.9/fonts/type1/public/nanumtype1/
nanumgtmd5.pfb>
Output written on CV_spanish.pdf (2 pages, 200587 bytes).
PDF statistics:
 89 PDF objects out of 1000 (max. 8388607)
 11 named destinations out of 1000 (max. 500000)
 6657 words of extra memory for PDF output out of 10000 (max. 10000000)

